<?xml version="1.0" encoding="UTF-8"?>
<testng-results skipped="0" failed="0" total="1" passed="1">
  <reporter-output>
  </reporter-output>
  <suite name="Suite" duration-ms="128456" started-at="2016-05-20T06:11:50Z" finished-at="2016-05-20T06:13:58Z">
    <groups>
    </groups>
    <test name="DSS-Regression" duration-ms="128456" started-at="2016-05-20T06:11:50Z" finished-at="2016-05-20T06:13:58Z">
      <class name="com.dss.test.dss.subscription.SubscriptionTests">
        <test-method status="PASS" signature="beforeTest()[pri:0, instance:com.dss.test.dss.subscription.SubscriptionTests@239963d8]" name="beforeTest" is-config="true" duration-ms="23170" started-at="2016-05-20T11:41:50Z" finished-at="2016-05-20T11:42:13Z">
          <reporter-output>
          </reporter-output>
        </test-method> <!-- beforeTest -->
        <test-method status="PASS" signature="BuyPrintPlusDigitalSubscriptionOutSideAreaZIPWithNonSSOR(java.lang.String, java.lang.String, java.lang.String, java.lang.String, java.lang.String, java.lang.String, java.lang.String, java.lang.String, java.lang.String, java.lang.String, java.lang.String, java.lang.String, java.lang.String, java.lang.String)[pri:0, instance:com.dss.test.dss.subscription.SubscriptionTests@239963d8]" name="BuyPrintPlusDigitalSubscriptionOutSideAreaZIPWithNonSSOR" duration-ms="104009" started-at="2016-05-20T11:42:13Z" data-provider="dssDataProvider" finished-at="2016-05-20T11:43:57Z">
          <params>
            <param index="0">
              <value>
                <![CDATA[90012]]>
              </value>
            </param>
            <param index="1">
              <value>
                <![CDATA[tribune1]]>
              </value>
            </param>
            <param index="2">
              <value>
                <![CDATA[TestCreditCard]]>
              </value>
            </param>
            <param index="3">
              <value>
                <![CDATA[4111 1111 1111 1111]]>
              </value>
            </param>
            <param index="4">
              <value>
                <![CDATA[05 - May]]>
              </value>
            </param>
            <param index="5">
              <value>
                <![CDATA[2018]]>
              </value>
            </param>
            <param index="6">
              <value>
                <![CDATA[James]]>
              </value>
            </param>
            <param index="7">
              <value>
                <![CDATA[Hogger]]>
              </value>
            </param>
            <param index="8">
              <value>
                <![CDATA[125 nimes rd st church]]>
              </value>
            </param>
            <param index="9">
              <value>
                <![CDATA[]]>
              </value>
            </param>
            <param index="10">
              <value>
                <![CDATA[32801]]>
              </value>
            </param>
            <param index="11">
              <value>
                <![CDATA[Orlando]]>
              </value>
            </param>
            <param index="12">
              <value>
                <![CDATA[FL]]>
              </value>
            </param>
            <param index="13">
              <value>
                <![CDATA[651-628-4488]]>
              </value>
            </param>
          </params>
          <reporter-output>
          </reporter-output>
        </test-method> <!-- BuyPrintPlusDigitalSubscriptionOutSideAreaZIPWithNonSSOR -->
        <test-method status="PASS" signature="afterTest()[pri:0, instance:com.dss.test.dss.subscription.SubscriptionTests@239963d8]" name="afterTest" is-config="true" duration-ms="1139" started-at="2016-05-20T11:43:57Z" finished-at="2016-05-20T11:43:58Z">
          <reporter-output>
          </reporter-output>
        </test-method> <!-- afterTest -->
      </class> <!-- com.dss.test.dss.subscription.SubscriptionTests -->
    </test> <!-- DSS-Regression -->
  </suite> <!-- Suite -->
</testng-results>
